Kompilacja rozpoczęła się 2015-02-27 19:01:42.
     1>Projekt „C:\Users\Rubin\Desktop\game\gra\gra\gra.vcxproj” w węźle 2 (elementy docelowe: build).
     1>InitializeBuildStatus:
         Trwa tworzenie „Debug\gra.unsuccessfulbuild”, ponieważ określono "AlwaysCreate".
       ClCompile:
         C:\Program Files (x86)\Microsoft Visual Studio 10.0\VC\bin\CL.exe /c /ZI /nologo /W3 /WX- /Od /Oy- /D WIN32 /D _DEBUG /D _CONSOLE /D _UNICODE /D UNICODE /Gm /EHsc /RTC1 /MDd /GS /fp:precise /Zc:wchar_t /Zc:forScope /Fo"Debug\\" /Fd"Debug\vc100.pdb" /Gd /TP /analyze- /errorReport:prompt gra.cpp
         gra.cpp
       ManifestResourceCompile:
         Wszystkie dane wyjściowe są aktualne.
       Link:
         C:\Program Files (x86)\Microsoft Visual Studio 10.0\VC\bin\link.exe /ERRORREPORT:PROMPT /OUT:"C:\Users\Rubin\Desktop\game\gra\Debug\gra.exe" /INCREMENTAL /NOLOGO kernel32.lib user32.lib gdi32.lib winspool.lib comdlg32.lib advapi32.lib shell32.lib ole32.lib oleaut32.lib uuid.lib odbc32.lib odbccp32.lib /MANIFEST /ManifestFile:"Debug\gra.exe.intermediate.manifest" /MANIFESTUAC:"level='asInvoker' uiAccess='false'" /DEBUG /PDB:"C:\Users\Rubin\Desktop\game\gra\Debug\gra.pdb" /SUBSYSTEM:CONSOLE /TLBID:1 /DYNAMICBASE /NXCOMPAT /IMPLIB:"C:\Users\Rubin\Desktop\game\gra\Debug\gra.lib" /MACHINE:X86 Debug\gra.exe.embed.manifest.res
         Debug\gra.obj
         Debug\stdafx.obj
       Manifest:
         C:\Program Files (x86)\Microsoft SDKs\Windows\v7.0A\bin\mt.exe /nologo /verbose /out:"Debug\gra.exe.embed.manifest" /manifest Debug\gra.exe.intermediate.manifest
         Wszystkie dane wyjściowe są aktualne.
       LinkEmbedManifest:
         Wszystkie dane wyjściowe są aktualne.
         gra.vcxproj -> C:\Users\Rubin\Desktop\game\gra\Debug\gra.exe
       FinalizeBuildStatus:
         Usuwanie pliku „Debug\gra.unsuccessfulbuild”.
         Modyfikowanie „Debug\gra.lastbuildstate”.
     1>Kompilowanie projektu „C:\Users\Rubin\Desktop\game\gra\gra\gra.vcxproj” wykonane (elementy docelowe: build).

Kompilacja powiodła się.

Czas, który upłynął: 00:00:00.42
